<?xml version="1.0" encoding="UTF-8"?>
<!-- Generated by org.testng.reporters.JUnitReportReporter -->
<testsuite hostname="L-HDC56J63X2" name="com.automation.CukesRunnerTest" tests="1" failures="0" timestamp="1 May 2020 10:54:17 GMT" time="9.241" errors="0">
  <testcase name="run_cukes" time="9.241" classname="com.automation.CukesRunnerTest"/>
</testsuite> <!-- com.automation.CukesRunnerTest -->
