<?xml version="1.0" encoding="UTF-8"?>
<!-- Generated by org.testng.reporters.JUnitReportReporter -->
<testsuite hostname="L-HDC56J63X2" name="com.automation.utilities.CukesRunnerTest" tests="1" failures="0" timestamp="11 Apr 2020 16:31:00 GMT" time="9.400" errors="0">
  <testcase name="run_cukes" time="9.400" classname="com.automation.utilities.CukesRunnerTest"/>
</testsuite> <!-- com.automation.utilities.CukesRunnerTest -->
