<?xml version="1.0" encoding="UTF-8"?>
<!-- Generated by org.testng.reporters.JUnitReportReporter -->
<testsuite hostname="L-HDC56J63X2" name="com.automation.CukesRunnerTest" tests="1" failures="0" timestamp="26 Apr 2020 09:10:43 GMT" time="7.213" errors="0">
  <testcase name="run_cukes" time="7.213" classname="com.automation.CukesRunnerTest"/>
</testsuite> <!-- com.automation.CukesRunnerTest -->
